 THIS SOFTWARE AND ANY ACCOMPANYING DOCUMENTATION
 IS RELEASED "AS IS".  THE U.S. GOVERNMENT MAKES NO
 WARRANTY OF ANY KIND, EXPRESS OR IMPLIED, CONCERNING
 THIS SOFTWARE AND ANY ACCOMPANYING DOCUMENTATION,
 INCLUDING, WITHOUT LIMITATION, ANY WARRANTIES OF
 MERCHANTABILITY OR FITNESS FOR A PARTICULAR PURPOSE.
 IN NO EVENT WILL THE U.S. GOVERNMENT BE LIABLE FOR ANY
 DAMAGES, INCLUDING LOST PROFITS, LOST SAVINGS OR OTHER
 INCIDENTAL OR CONSEQUENTIAL DAMAGES ARISING OUT OF THE 
 USE, OR INABILITY TO USE, THIS SOFTWARE OR ANY
 ACCOMPANYING DOCUMENTATION, EVEN IF INFORMED IN ADVANCE
 OF THE POSSIBILITY OF SUCH DAMAGES.








                                        ****************************************************
                                        *    USAF STABILITY AND CONTROL  DIGITAL DATCOM    *
                                        *    PROGRAM REV. JAN 96   DIRECT INQUIRIES TO:    *
                                        *   WRIGHT LABORATORY  (WL/FIGC)  ATTN: W. BLAKE   *
                                        *         WRIGHT PATTERSON AFB, OHIO  45433        *
                                        *    PHONE (513) 255-6764,   FAX (513) 258-4054    *
                                        ****************************************************
1                         CONERR - INPUT ERROR CHECKING
0 ERROR CODES - N* DENOTES THE NUMBER OF OCCURENCES OF EACH ERROR
0 A - UNKNOWN VARIABLE NAME
0 B - MISSING EQUAL SIGN FOLLOWING VARIABLE NAME
0 C - NON-ARRAY VARIABLE HAS AN ARRAY ELEMENT DESIGNATION - (N)
0 D - NON-ARRAY VARIABLE HAS MULTIPLE VALUES ASSIGNED
0 E - ASSIGNED VALUES EXCEED ARRAY DIMENSION
0 F - SYNTAX ERROR

0******************************  INPUT DATA CARDS  ******************************

 DIM M                                                                           
 DERIV DEG                                                                       
 DAMP                                                                            
 PART                                                                            
  $FLTCON WT=0.750, LOOP=1.0,                                                    
   NMACH=1.0, MACH(1)=0.02559,                                                   
  NALT=1.0, ALT(1)=500.0,                                                        
  NALPHA=20.0,                                                                   
  ALSCHD(1)= -16.0, -8.0, -6.0, -4.0, -2.0,                                      
               0.0, 2.0,  4.0,  8.0,  9.0,                                       
               10.0, 12.0, 14.0, 16.0, 18.0,                                     
               19.0, 20.0, 21.0, 22.0, 24.0,                                     
   STMACH=0.6, TSMACH=1.4, TR=1.0$                                               
  $OPTINS ROUGFC=0.40E-3$                                                        
  $SYNTHS XCG=0.30, ZCG=0.0,                                                     
   XW=0.25,  ZW=0.04,  ALIW=0.0,                                                 
   XH=0.95,  ZH=0.02,   ALIH=0.0,                                                
   XV=0.95,  ZV=0.03,                                                            
   SCALE=1.0, VERTUP=.TRUE.$                                                     
  $BODY NX=20.0,                                                                 
        X(1)= 0.0, 0.05, 0.09, 0.13, 0.17,                                       
             0.21, 0.25, 0.29, 0.33, 0.37,                                       
             0.41, 0.45, 0.52, 0.59, 0.66,                                       
             0.73, 0.80, 0.87, 0.94, 1.00,                                       
        R(1)= 0.02,  0.025, 0.030, 0.035, 0.040,                                 
              0.045, 0.050, 0.050, 0.050, 0.050,                                 
              0.050, 0.050, 0.0475, 0.045, 0.040,                                
              0.035, 0.030, 0.0275, 0.0225, 0.020,                               
        ITYPE=1.0, METHOD=1.0$                                                   
  $WGPLNF CHRDTP=.20, CHRDR=.20,  SSPN=.58,                                      
    SAVSI=0.0, SAVSO=0.0,                                                        
           SSPNE=0.05, SSPNDD=0.0,                                               
    TWISTA=0.0,                                                                  
           DHDADI=0.0, DHDADO=0.0,                                               
    CHSTAT=0.0, TYPE=1.0$                                                        
  $ASYFLP STYPE=4.0,                                                             
          NDELTA=9.0,                                                            
          DELTAL(1)=-28.0, -20.0, -10.0, -5.0, 0.0,  5.0,  10.0,  20.0,  28.0,   
          DELTAR(1)= 28.0,  20.0,  10.0,  5.0, 0.0, -5.0, -10.0, -20.0, -28.0,   
          SPANFI=0.20, SPANFO=0.50,                                              
          PHETE=0.0, CHRDFI=0.035, CHRDFO=0.035$                                 
 NACA W 4 4415                                                                   
 NACA H 4 0012                                                                   
 NACA V 4 0012                                                                   
  $HTPLNF CHRDR=.13, CHRDTP=0.09,                                                
           SSPN=0.24, SSPNE=0.20,                                                
           SAVSI=0.0,                                                            
           CHSTAT=1.0, TWISTA=0.0,                                               
           DHDADI=0.0,                                                           
           TYPE=1.0$                                                             
  $VTPLNF CHRDTP=0.06, CHRDR=0.13,                                               
          SSPN=0.22,                                                             
          SAVSI=0.0,  CHSTAT=1.0,                                                
          DHDADI=0.0,                                                            
          TYPE=1.0$                                                              
  $SYMFLP                                                                        
   SPANFI=0.0, SPANFO=0.235,                                                     
  CHRDFO= 0.035, CHRDFI=0.035,                                                   
  NDELTA=9.0,                                                                    
  DELTA=-20.0,-15.0, -10.0, -5.0, 0.0, 5.0, 10.0, 15.0, 20.0,                    
  FTYPE=1.0, NTYPE=1.0,                                                          
  CB=0.01, TC=0.007,                                                             
   PHETE=0.0, PHETEP=0.0$                                                        
  $PROPWR AIETLP=-5.19,NENGSP=1.0,THSTCP=0.0,PHALOC=0.0,                         
         PHVLOC=0.,PRPRAD=.08,                                                   
         BWAPR3=0.10417,BWAPR6=0.10417,                                          
         BWAPR9=0.0625,NOPBPE=2.,BAPR75=45.,YP=0.,CROT=.FALSE.,$                 
 CASEID TOTAL: TOTAL: TOTAL: UAV William Sanchez Farfan                          
1          THE FOLLOWING IS A LIST OF ALL INPUT CARDS FOR THIS CASE.
0
 DIM M                                                                           
 DERIV DEG                                                                       
 DAMP                                                                            
 PART                                                                            
  $FLTCON WT=0.750, LOOP=1.0,                                                    
   NMACH=1.0, MACH(1)=0.02559,                                                   
  NALT=1.0, ALT(1)=500.0,                                                        
  NALPHA=20.0,                                                                   
  ALSCHD(1)= -16.0, -8.0, -6.0, -4.0, -2.0,                                      
               0.0, 2.0,  4.0,  8.0,  9.0,                                       
               10.0, 12.0, 14.0, 16.0, 18.0,                                     
               19.0, 20.0, 21.0, 22.0, 24.0,                                     
   STMACH=0.6, TSMACH=1.4, TR=1.0$                                               
  $OPTINS ROUGFC=0.40E-3$                                                        
  $SYNTHS XCG=0.30, ZCG=0.0,                                                     
   XW=0.25,  ZW=0.04,  ALIW=0.0,                                                 
   XH=0.95,  ZH=0.02,   ALIH=0.0,                                                
   XV=0.95,  ZV=0.03,                                                            
   SCALE=1.0, VERTUP=.TRUE.$                                                     
  $BODY NX=20.0,                                                                 
        X(1)= 0.0, 0.05, 0.09, 0.13, 0.17,                                       
             0.21, 0.25, 0.29, 0.33, 0.37,                                       
             0.41, 0.45, 0.52, 0.59, 0.66,                                       
             0.73, 0.80, 0.87, 0.94, 1.00,                                       
        R(1)= 0.02,  0.025, 0.030, 0.035, 0.040,                                 
              0.045, 0.050, 0.050, 0.050, 0.050,                                 
              0.050, 0.050, 0.0475, 0.045, 0.040,                                
              0.035, 0.030, 0.0275, 0.0225, 0.020,                               
        ITYPE=1.0, METHOD=1.0$                                                   
  $WGPLNF CHRDTP=.20, CHRDR=.20,  SSPN=.58,                                      
    SAVSI=0.0, SAVSO=0.0,                                                        
           SSPNE=0.05, SSPNDD=0.0,                                               
    TWISTA=0.0,                                                                  
           DHDADI=0.0, DHDADO=0.0,                                               
    CHSTAT=0.0, TYPE=1.0$                                                        
  $ASYFLP STYPE=4.0,                                                             
          NDELTA=9.0,                                                            
          DELTAL(1)=-28.0, -20.0, -10.0, -5.0, 0.0,  5.0,  10.0,  20.0,  28.0,   
          DELTAR(1)= 28.0,  20.0,  10.0,  5.0, 0.0, -5.0, -10.0, -20.0, -28.0,   
          SPANFI=0.20, SPANFO=0.50,                                              
          PHETE=0.0, CHRDFI=0.035, CHRDFO=0.035$                                 
 NACA W 4 4415                                                                   
 NACA H 4 0012                                                                   
 NACA V 4 0012                                                                   
  $HTPLNF CHRDR=.13, CHRDTP=0.09,                                                
           SSPN=0.24, SSPNE=0.20,                                                
           SAVSI=0.0,                                                            
           CHSTAT=1.0, TWISTA=0.0,                                               
           DHDADI=0.0,                                                           
           TYPE=1.0$                                                             
  $VTPLNF CHRDTP=0.06, CHRDR=0.13,                                               
          SSPN=0.22,                                                             
          SAVSI=0.0,  CHSTAT=1.0,                                                
          DHDADI=0.0,                                                            
          TYPE=1.0$                                                              
  $SYMFLP                                                                        
   SPANFI=0.0, SPANFO=0.235,                                                     
  CHRDFO= 0.035, CHRDFI=0.035,                                                   
  NDELTA=9.0,                                                                    
  DELTA=-20.0,-15.0, -10.0, -5.0, 0.0, 5.0, 10.0, 15.0, 20.0,                    
  FTYPE=1.0, NTYPE=1.0,                                                          
  CB=0.01, TC=0.007,                                                             
   PHETE=0.0, PHETEP=0.0$                                                        
  $PROPWR AIETLP=-5.19,NENGSP=1.0,THSTCP=0.0,PHALOC=0.0,                         
         PHVLOC=0.,PRPRAD=.08,                                                   
         BWAPR3=0.10417,BWAPR6=0.10417,                                          
         BWAPR9=0.0625,NOPBPE=2.,BAPR75=45.,YP=0.,CROT=.FALSE.,$                 
 CASEID TOTAL: TOTAL: TOTAL: UAV William Sanchez Farfan                          
0ERROR ** FLAP INBOARD SPAN, SPANI =  .00000E+00, IT IS INSIDE THE BODY AS DEFINED BY SSPN AND SSPNE
          SPANI IS REDEFINED, SPANI = SSPN-SSPNE =  .40000E-01

0 INPUT DIMENSIONS ARE IN M , SCALE FACTOR IS 1.0000

1                             AUTOMATED STABILITY AND CONTROL METHODS PER APRIL 1976 VERSION OF DATCOM   
                                                        WING SECTION DEFINITION
                                                                NACA 4415
     UPPER ABSCISSA     UPPER ORDINATE     LOWER ABSCISSA     LOWER ORDINATE      X-FRACTION CHORD    MEAN LINE    THICKNESS
          .00000             .00000            .00000            .00000               .00000            .00000        .00000
         -.00036             .00701            .00236           -.00661               .00100            .00020        .01389
          .00009             .00998            .00391           -.00918               .00200            .00040        .01954
          .00068             .01228            .00532           -.01108               .00300            .00060        .02382
          .00134             .01424            .00666           -.01264               .00400            .00080        .02740
          .00204             .01597            .00796           -.01398               .00500            .00099        .03053
          .00278             .01755            .00922           -.01517               .00600            .00119        .03334
          .00354             .01901            .01046           -.01623               .00700            .00139        .03591
          .00432             .02037            .01168           -.01720               .00800            .00158        .03829
          .00511             .02166            .01289           -.01810               .00900            .00178        .04051
          .00592             .02288            .01408           -.01893               .01000            .00198        .04259
          .01449             .03288            .02551           -.02508               .02000            .00390        .05899
          .02354             .04068            .03646           -.02913               .03000            .00577        .07100
          .03285             .04731            .04715           -.03211               .04000            .00760        .08069
          .04234             .05314            .05766           -.03439               .05000            .00937        .08887
          .05196             .05839            .06804           -.03619               .06000            .01110        .09594
          .06168             .06317            .07832           -.03762               .07000            .01277        .10216
          .07149             .06756            .08851           -.03876               .08000            .01440        .10768
          .08137             .07162            .09863           -.03967               .09000            .01597        .11262
          .09132             .07539            .10868           -.04039               .10000            .01750        .11707
          .10131             .07889            .11869           -.04094               .11000            .01897        .12108
          .11135             .08215            .12864           -.04135               .12000            .02040        .12470
          .12144             .08519            .13856           -.04164               .13000            .02177        .12798
          .13156             .08803            .14844           -.04183               .14000            .02310        .13095
          .14171             .09067            .15829           -.04192               .15000            .02437        .13363
          .15190             .09314            .16810           -.04194               .16000            .02560        .13605
          .16210             .09543            .17790           -.04188               .17000            .02677        .13822
          .17234             .09756            .18766           -.04176               .18000            .02790        .14017
          .18259             .09954            .19741           -.04159               .19000            .02898        .14190
          .19286             .10136            .20714           -.04136               .20000            .03000        .14344
          .20315             .10305            .21685           -.04110               .21000            .03098        .14479
          .21346             .10459            .22654           -.04079               .22000            .03190        .14597
          .22378             .10600            .23622           -.04045               .23000            .03278        .14698
          .23411             .10728            .24589           -.04008               .24000            .03360        .14783
          .24445             .10843            .25555           -.03968               .25000            .03438        .14853
          .25479             .10946            .26521           -.03926               .26000            .03510        .14909
          .26515             .11038            .27485           -.03883               .27000            .03577        .14952
          .27551             .11117            .28449           -.03837               .28000            .03640        .14981
          .28588             .11186            .29412           -.03791               .29000            .03698        .14999
          .29625             .11243            .30375           -.03743               .30000            .03750        .15004
          .34814             .11371            .35186           -.03496               .35000            .03937        .14872
          .40000             .11254            .40000           -.03254               .40000            .04000        .14508
          .45078             .10948            .44922           -.03003               .45000            .03972        .13952
          .50147             .10505            .49853           -.02727               .50000            .03889        .13235
          .55206             .09937            .54794           -.02437               .55000            .03750        .12381
          .60253             .09254            .59747           -.02143               .60000            .03556        .11408
          .65287             .08463            .64713           -.01852               .65000            .03306        .10331
          .70305             .07570            .69695           -.01570               .70000            .03000        .09160
          .75306             .06577            .74694           -.01300               .75000            .02639        .07901
          .80290             .05488            .79710           -.01044               .80000            .02222        .06558
          .82279             .05026            .81721           -.00946               .82000            .02040        .05997
          .84264             .04548            .83736           -.00850               .84000            .01849        .05423
          .86246             .04054            .85754           -.00757               .86000            .01649        .04836
          .88225             .03545            .87775           -.00665               .88000            .01440        .04235
          .90200             .03021            .89800           -.00576               .90000            .01222        .03619
          .92172             .02480            .91828           -.00489               .92000            .00996        .02989
          .94140             .01924            .93860           -.00404               .94000            .00760        .02345
          .96104             .01351            .95896           -.00320               .96000            .00516        .01684
          .98064             .00762            .97936           -.00238               .98000            .00262        .01008
         1.00000             .00000           1.00000            .00000              1.00000            .00000        .00000
1                             AUTOMATED STABILITY AND CONTROL METHODS PER APRIL 1976 VERSION OF DATCOM   
                                                        WING SECTION DEFINITION
0                                 IDEAL ANGLE OF ATTACK =    .51514 DEG.

                              ZERO LIFT ANGLE OF ATTACK =  -3.65530 DEG.

                                 IDEAL LIFT COEFFICIENT =    .51204

                  ZERO LIFT PITCHING MOMENT COEFFICIENT =   -.10050

                             MACH ZERO LIFT-CURVE-SLOPE =    .09436 /DEG.

                                    LEADING EDGE RADIUS =    .02479 FRACTION CHORD

                              MAXIMUM AIRFOIL THICKNESS =    .15000 FRACTION CHORD

                                                DELTA-Y =   3.96122 PERCENT CHORD


0                         MACH=  .0256 LIFT-CURVE-SLOPE =    .09433 /DEG.      XAC =    .25789
1                             AUTOMATED STABILITY AND CONTROL METHODS PER APRIL 1976 VERSION OF DATCOM   
                                                   HORIZONTAL TAIL SECTION DEFINITION
                                                                NACA 0012
     UPPER ABSCISSA     UPPER ORDINATE     LOWER ABSCISSA     LOWER ORDINATE      X-FRACTION CHORD    MEAN LINE    THICKNESS
          .00000             .00000            .00000            .00000               .00000            .00000        .00000
          .00100             .00556            .00100           -.00556               .00100            .00000        .01111
          .00200             .00781            .00200           -.00781               .00200            .00000        .01563
          .00300             .00953            .00300           -.00953               .00300            .00000        .01906
          .00400             .01096            .00400           -.01096               .00400            .00000        .02192
          .00500             .01221            .00500           -.01221               .00500            .00000        .02443
          .00600             .01334            .00600           -.01334               .00600            .00000        .02668
          .00700             .01436            .00700           -.01436               .00700            .00000        .02873
          .00800             .01532            .00800           -.01532               .00800            .00000        .03063
          .00900             .01620            .00900           -.01620               .00900            .00000        .03240
          .01000             .01704            .01000           -.01704               .01000            .00000        .03407
          .02000             .02360            .02000           -.02360               .02000            .00000        .04720
          .03000             .02840            .03000           -.02840               .03000            .00000        .05680
          .04000             .03228            .04000           -.03228               .04000            .00000        .06455
          .05000             .03555            .05000           -.03555               .05000            .00000        .07109
          .06000             .03838            .06000           -.03838               .06000            .00000        .07675
          .07000             .04086            .07000           -.04086               .07000            .00000        .08173
          .08000             .04307            .08000           -.04307               .08000            .00000        .08614
          .09000             .04505            .09000           -.04505               .09000            .00000        .09010
          .10000             .04683            .10000           -.04683               .10000            .00000        .09366
          .11000             .04843            .11000           -.04843               .11000            .00000        .09686
          .12000             .04988            .12000           -.04988               .12000            .00000        .09976
          .13000             .05119            .13000           -.05119               .13000            .00000        .10239
          .14000             .05238            .14000           -.05238               .14000            .00000        .10476
          .15000             .05345            .15000           -.05345               .15000            .00000        .10690
          .16000             .05442            .16000           -.05442               .16000            .00000        .10884
          .17000             .05529            .17000           -.05529               .17000            .00000        .11057
          .18000             .05607            .18000           -.05607               .18000            .00000        .11213
          .19000             .05676            .19000           -.05676               .19000            .00000        .11352
          .20000             .05738            .20000           -.05738               .20000            .00000        .11475
          .21000             .05792            .21000           -.05792               .21000            .00000        .11583
          .22000             .05839            .22000           -.05839               .22000            .00000        .11677
          .23000             .05879            .23000           -.05879               .23000            .00000        .11758
          .24000             .05913            .24000           -.05913               .24000            .00000        .11826
          .25000             .05941            .25000           -.05941               .25000            .00000        .11882
          .26000             .05964            .26000           -.05964               .26000            .00000        .11927
          .27000             .05981            .27000           -.05981               .27000            .00000        .11961
          .28000             .05993            .28000           -.05993               .28000            .00000        .11985
          .29000             .06000            .29000           -.06000               .29000            .00000        .11999
          .30000             .06002            .30000           -.06002               .30000            .00000        .12003
          .35000             .05949            .35000           -.05949               .35000            .00000        .11897
          .40000             .05803            .40000           -.05803               .40000            .00000        .11606
          .45000             .05581            .45000           -.05581               .45000            .00000        .11161
          .50000             .05294            .50000           -.05294               .50000            .00000        .10588
          .55000             .04952            .55000           -.04952               .55000            .00000        .09905
          .60000             .04563            .60000           -.04563               .60000            .00000        .09127
          .65000             .04132            .65000           -.04132               .65000            .00000        .08265
          .70000             .03664            .70000           -.03664               .70000            .00000        .07328
          .75000             .03160            .75000           -.03160               .75000            .00000        .06321
          .80000             .02623            .80000           -.02623               .80000            .00000        .05246
          .82000             .02399            .82000           -.02399               .82000            .00000        .04798
          .84000             .02169            .84000           -.02169               .84000            .00000        .04339
          .86000             .01934            .86000           -.01934               .86000            .00000        .03869
          .88000             .01694            .88000           -.01694               .88000            .00000        .03388
          .90000             .01448            .90000           -.01448               .90000            .00000        .02895
          .92000             .01196            .92000           -.01196               .92000            .00000        .02392
          .94000             .00938            .94000           -.00938               .94000            .00000        .01876
          .96000             .00674            .96000           -.00674               .96000            .00000        .01347
          .98000             .00403            .98000           -.00403               .98000            .00000        .00806
         1.00000             .00000           1.00000            .00000              1.00000            .00000        .00000
1                             AUTOMATED STABILITY AND CONTROL METHODS PER APRIL 1976 VERSION OF DATCOM   
                                                   HORIZONTAL TAIL SECTION DEFINITION
0                                 IDEAL ANGLE OF ATTACK =    .00000 DEG.

                              ZERO LIFT ANGLE OF ATTACK =    .00000 DEG.

                                 IDEAL LIFT COEFFICIENT =    .00000

                  ZERO LIFT PITCHING MOMENT COEFFICIENT =    .00000

                             MACH ZERO LIFT-CURVE-SLOPE =    .09596 /DEG.

                                    LEADING EDGE RADIUS =    .01587 FRACTION CHORD

                              MAXIMUM AIRFOIL THICKNESS =    .12000 FRACTION CHORD

                                                DELTA-Y =   3.16898 PERCENT CHORD


0                         MACH=  .0256 LIFT-CURVE-SLOPE =    .09598 /DEG.      XAC =    .25836
1                             AUTOMATED STABILITY AND CONTROL METHODS PER APRIL 1976 VERSION OF DATCOM   
                                                    VERTICAL TAIL SECTION DEFINITION
                                                                NACA 0012
     UPPER ABSCISSA     UPPER ORDINATE     LOWER ABSCISSA     LOWER ORDINATE      X-FRACTION CHORD    MEAN LINE    THICKNESS
          .00000             .00000            .00000            .00000               .00000            .00000        .00000
          .00100             .00556            .00100           -.00556               .00100            .00000        .01111
          .00200             .00781            .00200           -.00781               .00200            .00000        .01563
          .00300             .00953            .00300           -.00953               .00300            .00000        .01906
          .00400             .01096            .00400           -.01096               .00400            .00000        .02192
          .00500             .01221            .00500           -.01221               .00500            .00000        .02443
          .00600             .01334            .00600           -.01334               .00600            .00000        .02668
          .00700             .01436            .00700           -.01436               .00700            .00000        .02873
          .00800             .01532            .00800           -.01532               .00800            .00000        .03063
          .00900             .01620            .00900           -.01620               .00900            .00000        .03240
          .01000             .01704            .01000           -.01704               .01000            .00000        .03407
          .02000             .02360            .02000           -.02360               .02000            .00000        .04720
          .03000             .02840            .03000           -.02840               .03000            .00000        .05680
          .04000             .03228            .04000           -.03228               .04000            .00000        .06455
          .05000             .03555            .05000           -.03555               .05000            .00000        .07109
          .06000             .03838            .06000           -.03838               .06000            .00000        .07675
          .07000             .04086            .07000           -.04086               .07000            .00000        .08173
          .08000             .04307            .08000           -.04307               .08000            .00000        .08614
          .09000             .04505            .09000           -.04505               .09000            .00000        .09010
          .10000             .04683            .10000           -.04683               .10000            .00000        .09366
          .11000             .04843            .11000           -.04843               .11000            .00000        .09686
          .12000             .04988            .12000           -.04988               .12000            .00000        .09976
          .13000             .05119            .13000           -.05119               .13000            .00000        .10239
          .14000             .05238            .14000           -.05238               .14000            .00000        .10476
          .15000             .05345            .15000           -.05345               .15000            .00000        .10690
          .16000             .05442            .16000           -.05442               .16000            .00000        .10884
          .17000             .05529            .17000           -.05529               .17000            .00000        .11057
          .18000             .05607            .18000           -.05607               .18000            .00000        .11213
          .19000             .05676            .19000           -.05676               .19000            .00000        .11352
          .20000             .05738            .20000           -.05738               .20000            .00000        .11475
          .21000             .05792            .21000           -.05792               .21000            .00000        .11583
          .22000             .05839            .22000           -.05839               .22000            .00000        .11677
          .23000             .05879            .23000           -.05879               .23000            .00000        .11758
          .24000             .05913            .24000           -.05913               .24000            .00000        .11826
          .25000             .05941            .25000           -.05941               .25000            .00000        .11882
          .26000             .05964            .26000           -.05964               .26000            .00000        .11927
          .27000             .05981            .27000           -.05981               .27000            .00000        .11961
          .28000             .05993            .28000           -.05993               .28000            .00000        .11985
          .29000             .06000            .29000           -.06000               .29000            .00000        .11999
          .30000             .06002            .30000           -.06002               .30000            .00000        .12003
          .35000             .05949            .35000           -.05949               .35000            .00000        .11897
          .40000             .05803            .40000           -.05803               .40000            .00000        .11606
          .45000             .05581            .45000           -.05581               .45000            .00000        .11161
          .50000             .05294            .50000           -.05294               .50000            .00000        .10588
          .55000             .04952            .55000           -.04952               .55000            .00000        .09905
          .60000             .04563            .60000           -.04563               .60000            .00000        .09127
          .65000             .04132            .65000           -.04132               .65000            .00000        .08265
          .70000             .03664            .70000           -.03664               .70000            .00000        .07328
          .75000             .03160            .75000           -.03160               .75000            .00000        .06321
          .80000             .02623            .80000           -.02623               .80000            .00000        .05246
          .82000             .02399            .82000           -.02399               .82000            .00000        .04798
          .84000             .02169            .84000           -.02169               .84000            .00000        .04339
          .86000             .01934            .86000           -.01934               .86000            .00000        .03869
          .88000             .01694            .88000           -.01694               .88000            .00000        .03388
          .90000             .01448            .90000           -.01448               .90000            .00000        .02895
          .92000             .01196            .92000           -.01196               .92000            .00000        .02392
          .94000             .00938            .94000           -.00938               .94000            .00000        .01876
          .96000             .00674            .96000           -.00674               .96000            .00000        .01347
          .98000             .00403            .98000           -.00403               .98000            .00000        .00806
         1.00000             .00000           1.00000            .00000              1.00000            .00000        .00000
1                             AUTOMATED STABILITY AND CONTROL METHODS PER APRIL 1976 VERSION OF DATCOM   
                                                    VERTICAL TAIL SECTION DEFINITION
0                                 IDEAL ANGLE OF ATTACK =    .00000 DEG.

                              ZERO LIFT ANGLE OF ATTACK =    .00000 DEG.

                                 IDEAL LIFT COEFFICIENT =    .00000

                  ZERO LIFT PITCHING MOMENT COEFFICIENT =    .00000

                             MACH ZERO LIFT-CURVE-SLOPE =    .09596 /DEG.

                                    LEADING EDGE RADIUS =    .01587 FRACTION CHORD

                              MAXIMUM AIRFOIL THICKNESS =    .12000 FRACTION CHORD

                                                DELTA-Y =   3.16898 PERCENT CHORD


0                         MACH=  .0256 LIFT-CURVE-SLOPE =    .09598 /DEG.      XAC =    .25836
1                               AUTOMATED STABILITY AND CONTROL METHODS PER APRIL 1976 VERSION OF DATCOM
                                         CHARACTERISTICS AT ANGLE OF ATTACK AND IN SIDESLIP
                                        WING-BODY-VERTICAL TAIL-HORIZONTAL TAIL CONFIGURATION
                               PROPELLER POWER EFFECTS INCLUDED IN THE LONGITUDINAL STABILITY RESULTS
                                          TOTAL: TOTAL: TOTAL: UAV William Sanchez Farfan
 
 -----------------------  FLIGHT CONDITIONS  ------------------------           --------------  REFERENCE DIMENSIONS  ------------
  MACH    ALTITUDE   VELOCITY    PRESSURE    TEMPERATURE     REYNOLDS             REF.      REFERENCE LENGTH   MOMENT REF. CENTER
 NUMBER                                                       NUMBER              AREA       LONG.     LAT.     HORIZ      VERT
              M        M/SEC      N/ M**2       DEG K         1/ M                M**2         M         M         M         M
0  .026     500.00       8.66   9.5461E+04     284.900     5.6724E+05              .232       .200     1.160      .300      .000
0                                                               -------------------DERIVATIVE (PER DEGREE)-------------------
0 ALPHA     CD       CL       CM       CN       CA       XCP        CLA          CMA          CYB          CNB          CLB
0
  -16.0   36.624    -.278     .4963  ******   35.129    -.048    1.372E-02   -4.514E-02         -NAN          NAN         -NAN
   -8.0   14.227    -.149     .2276  -2.128   14.068    -.107    1.119E-02   -3.592E-02                                   -NAN
   -6.0    9.970    -.121     .1811  -1.163    9.903    -.156    1.098E-02   -3.490E-02                                   -NAN
   -4.0    6.401    -.092     .1298   -.538    6.379    -.241    1.097E-02   -3.476E-02                                   -NAN
   -2.0    3.581    -.064     .0838   -.189    3.576    -.444    1.021E-02   -3.208E-02                                   -NAN
     .0    1.558    -.037     .0423   -.037    1.558   -1.145    9.913E-03   -3.102E-02                                   -NAN
    2.0     .365    -.010     .0001    .003     .365     .035    1.042E-02   -3.276E-02                                   -NAN
    4.0     .021     .019    -.0477    .020     .019   -2.332    1.118E-02   -3.539E-02                                   -NAN
    8.0    1.899     .080    -.1550    .344    1.870    -.451    1.264E-02   -4.066E-02                                   -NAN
    9.0    2.897     .096    -.1852    .548    2.846    -.338    1.306E-02   -4.223E-02                                   -NAN
   10.0    4.101     .113    -.2169    .823    4.019    -.264    1.332E-02   -4.318E-02                                   -NAN
   12.0    7.107     .146    -.2809   1.620    6.922    -.173    1.357E-02   -4.403E-02                                   -NAN
   14.0   10.878     .179    -.3469   2.806   10.511    -.124    1.420E-02   -4.649E-02                                   -NAN
   16.0   15.361     .215    -.4198   4.440   14.707    -.095    1.491E-02   -4.953E-02                                   -NAN
   18.0   20.494     .250    -.4968   6.571   19.414    -.076    1.533E-02   -5.134E-02                                   -NAN
   19.0   23.281     .268    -.5362   7.833   21.925    -.068    1.557E-02   -5.264E-02                                   -NAN
   20.0   26.203     .287    -.5773   9.231   24.525    -.063    1.590E-02   -5.426E-02                                   -NAN
   21.0   29.251     .305    -.6198  10.767   27.199    -.058    1.531E-02   -5.223E-02                                   -NAN
   22.0   32.410     .322    -.6573  12.440   29.930    -.053    1.402E-02   -4.764E-02                                   -NAN
   24.0   39.021     .353    -.7221  16.194   35.504    -.045    1.189E-02   -4.005E-02                                   -NAN
0                                    ALPHA     Q/QINF    EPSLON  D(EPSLON)/D(ALPHA)
0
                                    -16.0      1.000     -4.205         .320
                                     -8.0       .939     -1.642         .358
                                     -6.0       .955      -.906         .376
                                     -4.0       .949      -.136         .394
                                     -2.0       .936       .668         .398
                                       .0       .946      1.455         .384
                                      2.0       .976      2.203         .365
                                      4.0      1.000      2.917         .348
                                      8.0      1.000      4.241         .308
                                      9.0      1.000      4.543         .297
                                     10.0      1.000      4.835         .287
                                     12.0      1.000      5.389         .267
                                     14.0      1.000      5.904         .248
                                     16.0      1.000      6.379         .228
                                     18.0      1.000      6.815         .208
                                     19.0      1.000      7.018         .198
                                     20.0      1.000      7.212         .188
                                     21.0      1.000      7.395         .179
                                     22.0      1.000      7.569         .169
                                     24.0      1.000      7.887         .159
1                               AUTOMATED STABILITY AND CONTROL METHODS PER APRIL 1976 VERSION OF DATCOM
                                                         DYNAMIC DERIVATIVES
                                        WING-BODY-VERTICAL TAIL-HORIZONTAL TAIL CONFIGURATION
                                          TOTAL: TOTAL: TOTAL: UAV William Sanchez Farfan
 
 -----------------------  FLIGHT CONDITIONS  ------------------------           --------------  REFERENCE DIMENSIONS  ------------
  MACH    ALTITUDE   VELOCITY    PRESSURE    TEMPERATURE     REYNOLDS             REF.      REFERENCE LENGTH   MOMENT REF. CENTER
 NUMBER                                                       NUMBER              AREA       LONG.     LAT.     HORIZ      VERT
              M        M/SEC      N/ M**2       DEG K         1/ M                M**2         M         M         M         M
0  .026     500.00       8.66   9.5461E+04     284.900     5.6724E+05              .232       .200     1.160      .300      .000
                                                    DYNAMIC DERIVATIVES (PER DEGREE)
0           -------PITCHING-------    -----ACCELERATION------    --------------ROLLING--------------    --------YAWING--------
0   ALPHA       CLQ          CMQ           CLAD         CMAD         CLP          CYP          CNP          CNR          CLR
0
   -16.00    1.306E-01   -4.572E-01     4.184E-02   -1.465E-01         -NAN         -NAN         -NAN         -NAN         -NAN
    -8.00                               4.395E-02   -1.539E-01         -NAN         -NAN         -NAN         -NAN         -NAN
    -6.00                               4.694E-02   -1.644E-01         -NAN         -NAN         -NAN         -NAN         -NAN
    -4.00                               4.875E-02   -1.707E-01         -NAN         -NAN         -NAN         -NAN         -NAN
    -2.00                               4.861E-02   -1.702E-01         -NAN         -NAN         -NAN         -NAN         -NAN
      .00                               4.739E-02   -1.659E-01         -NAN         -NAN         -NAN         -NAN         -NAN
     2.00                               4.659E-02   -1.631E-01         -NAN         -NAN         -NAN         -NAN         -NAN
     4.00                               4.549E-02   -1.593E-01         -NAN         -NAN         -NAN         -NAN         -NAN
     8.00                               4.016E-02   -1.406E-01         -NAN         -NAN         -NAN         -NAN         -NAN
     9.00                               3.875E-02   -1.357E-01         -NAN         -NAN         -NAN         -NAN         -NAN
    10.00                               3.746E-02   -1.312E-01         -NAN         -NAN         -NAN         -NAN         -NAN
    12.00                               3.489E-02   -1.222E-01         -NAN         -NAN         -NAN         -NAN         -NAN
    14.00                               3.233E-02   -1.132E-01         -NAN         -NAN         -NAN         -NAN         -NAN
    16.00                               2.976E-02   -1.042E-01         -NAN         -NAN         -NAN         -NAN         -NAN
    18.00                               2.719E-02   -9.518E-02         -NAN         -NAN         -NAN         -NAN         -NAN
    19.00                               2.590E-02   -9.068E-02         -NAN         -NAN         -NAN         -NAN         -NAN
    20.00                               2.462E-02   -8.619E-02         -NAN         -NAN         -NAN         -NAN         -NAN
    21.00                               2.333E-02   -8.169E-02         -NAN         -NAN         -NAN         -NAN         -NAN
    22.00                               2.205E-02   -7.719E-02         -NAN         -NAN         -NAN         -NAN         -NAN
    24.00                               2.076E-02   -7.269E-02         -NAN         -NAN         -NAN         -NAN         -NAN
0*** VEHICLE WEIGHT =       .75 N. 
0*** LEVEL FLIGHT LIFT COEFFICIENT =  .32862
1                             AUTOMATED STABILITY AND CONTROL METHODS PER APRIL 1976 VERSION OF DATCOM
                                             CONFIGURATION AUXILIARY AND PARTIAL OUTPUT
                                        WING-BODY-VERTICAL TAIL-HORIZONTAL TAIL CONFIGURATION
                                          TOTAL: TOTAL: TOTAL: UAV William Sanchez Farfan
 -----------------------  FLIGHT CONDITIONS  ------------------------           --------------  REFERENCE DIMENSIONS  ------------
  MACH    ALTITUDE   VELOCITY    PRESSURE    TEMPERATURE     REYNOLDS             REF.      REFERENCE LENGTH   MOMENT REF. CENTER
 NUMBER                                                       NUMBER              AREA       LONG.     LAT.     HORIZ      VERT
              M        M/SEC      N/ M**2       DEG K         1/ M                M**2         M         M         M         M
0  .026     500.00       8.66   9.5461E+04     284.900     5.6724E+05              .232       .200     1.160      .300      .000


                                                       BASIC BODY PROPERTIES

            WETTED AREA      XCG     ZCG     BASE AREA     ZERO LIFT DRAG   BASE DRAG   FRICTION DRAG   PRESSURE DRAG
              .2396E+00      .30     .00        .0024         .5944E-02     .3986E-03     .5546E-02         NA  


                                         XCG RELATIVE TO THEORETICAL LEADING EDGE MAC=    .05


                                                       BASIC PLANFORM PROPERTIES

                                    TAPER     ASPECT   QUARTER CHORD             QUARTER CHORD              ZERO LIFT    FRICTION
                         AREA       RATIO      RATIO       SWEEP        MAC        X(MAC)       Y(MAC)        DRAG     COEFFICIENT
0      WING
   TOTAL THEORITICAL
+                      .2320E+00    1.000     .5800E+01      .000     .200E+00     .300E+00     .290E+00                       
       TOTAL EXPOSED
+                      .2000E-01    1.000     .5000E+00      .000     .200E+00     .300E+00     .555E+00     .153E-02     .672E-02
0  HORIZONTAL TAIL
   TOTAL THEORITICAL
+                      .5280E-01     .692     .4364E+01     7.125     .111E+00     .997E+00     .113E+00                       
       TOTAL EXPOSED
+                      .4267E-01     .730     .3750E+01     7.125     .108E+00     .999E+00     .135E+00     .346E-02     .756E-02
0   VERTICAL TAIL
   TOTAL THEORITICAL
+                      .2090E-01     .462     .2316E+01      -nan     .993E-01         -NAN     .126E+00                       
       TOTAL EXPOSED
+                      .1829E-31    1.000     .5080E-29      -nan     .600E-01         -NAN     .220E+00     .165E-32     .842E-02
0*** NA PRINTED WHEN METHOD NOT APPLICABLE
1                             AUTOMATED STABILITY AND CONTROL METHODS PER APRIL 1976 VERSION OF DATCOM
                                             CONFIGURATION AUXILIARY AND PARTIAL OUTPUT
                                        WING-BODY-VERTICAL TAIL-HORIZONTAL TAIL CONFIGURATION
                                          TOTAL: TOTAL: TOTAL: UAV William Sanchez Farfan
 -----------------------  FLIGHT CONDITIONS  ------------------------           --------------  REFERENCE DIMENSIONS  ------------
  MACH    ALTITUDE   VELOCITY    PRESSURE    TEMPERATURE     REYNOLDS             REF.      REFERENCE LENGTH   MOMENT REF. CENTER
 NUMBER                                                       NUMBER              AREA       LONG.     LAT.     HORIZ      VERT
              M        M/SEC      N/ M**2       DEG K         1/ M                M**2         M         M         M         M
0  .026     500.00       8.66   9.5461E+04     284.900     5.6724E+05              .232       .200     1.160      .300      .000
0          CLA-B(W)= 1.000E-30     CLA-W(B)= 1.000E-30     K-B(W)= 1.000E-30     K-W(B)= 1.000E-30     XAC/C-B(W)= 1.210E-01
0          CLA-B(H)= 3.222E-03     CLA-H(B)= 1.543E-02     K-B(H)= 2.367E-01     K-H(B)= 1.133E+00     XAC/C-B(H)= 1.790E-01
0                                      SIDEWASH, (1 + D(SIGMA)/D(BETA))QV/Q = 7.5403190E-01



                ALPHA         IV-B(W)          IV-W(H)          IV-B(H)          GAMMA/                  GAMMA/
                                                                              2*PI*ALPHA*V*R         (2*PI*ALPHA*V*R)T
               -16.000        .0000E+00       -.8144E+00       -.2172E+00          NDM                    .1062E+01
                -8.000        .0000E+00       -.8656E+00       -.5856E-01          NDM                    .4819E+00
                -6.000        .0000E+00       -.8722E+00        .0000E+00          NDM                      NDM 
                -4.000        .0000E+00       -.8761E+00        .0000E+00        .0000E+00                .0000E+00
                -2.000        .0000E+00       -.8774E+00        .0000E+00        .0000E+00                .0000E+00
                  .000        .0000E+00       -.8759E+00        .0000E+00        .0000E+00                .0000E+00
                 2.000        .0000E+00       -.8718E+00        .0000E+00        .0000E+00                .0000E+00
                 4.000        .0000E+00       -.8651E+00        .0000E+00        .0000E+00                .0000E+00
                 8.000        .0000E+00       -.8445E+00       -.5856E-01          NDM                    .4819E+00
                 9.000        .0000E+00       -.8379E+00       -.1035E+00          NDM                    .5549E+00
                10.000        .0000E+00       -.8308E+00       -.1368E+00          NDM                    .6245E+00
                12.000        .0000E+00       -.8150E+00       -.1831E+00          NDM                    .7764E+00
                14.000        .0000E+00       -.7974E+00       -.2063E+00          NDM                    .9141E+00
                16.000        .0000E+00       -.7781E+00       -.2172E+00          NDM                    .1062E+01
                18.000        .0000E+00       -.7573E+00       -.2269E+00          NDM                    .1205E+01
                19.000        .0000E+00       -.7464E+00       -.2300E+00          NDM                    .1278E+01
                20.000        .0000E+00       -.7352E+00       -.2316E+00          NDM                    .1353E+01
                21.000        .0000E+00       -.7236E+00       -.2327E+00          NDM                    .1408E+01
                22.000        .0000E+00       -.7118E+00       -.2336E+00          NDM                    .1462E+01
                24.000        .0000E+00       -.6875E+00       -.2354E+00          NDM                    .1578E+01


                                                  DYNAMIC DERIVATIVE INCREMENTALS
          CLP(GAMMA=CL=0) = 1.0000E-30     CLP(GAMMA)/CLP (GAMMA=0) = 1.0000E-30      CNP/THETA = 1.0000E-30
                              CYP/GAMMA = 1.0000E-30                    CYP/CL (CL=0) = 1.0000E-30

                                             CLB/GAMMA        (CMO/THETA)W     (CMO/THETA)H
                                              -.2114E-03           NA                NA  
0*** NDM PRINTED WHEN NO DATCOM METHODS EXIST
0*** NA PRINTED WHEN METHOD NOT APPLICABLE
1
1                            AUTOMATED STABILITY AND CONTROL METHODS PER APRIL 1976 VERSION OF DATCOM
                                         CHARACTERISTICS OF HIGH LIFT AND CONTROL DEVICES
                                            TAIL PLAIN TRAILING-EDGE FLAP CONFIGURATION
                                          TOTAL: TOTAL: TOTAL: UAV William Sanchez Farfan
 -----------------------  FLIGHT CONDITIONS  ------------------------           --------------  REFERENCE DIMENSIONS  ------------
  MACH    ALTITUDE   VELOCITY    PRESSURE    TEMPERATURE     REYNOLDS             REF.      REFERENCE LENGTH   MOMENT REF. CENTER
 NUMBER                                                       NUMBER              AREA       LONG.     LAT.     HORIZ      VERT
              M        M/SEC      N/ M**2       DEG K         1/ M                M**2         M         M         M         M
0  .026     500.00       8.66   4.1640E+01     923.077     5.2699E+04              .232       .200     1.160      .300      .000
0            ---------INCREMENTS DUE TO DEFLECTION---------              ---DERIVATIVES (PER DEGREE)---
0     DELTA     D(CL)     D(CM)    D(CL MAX)    D(CD MIN)                (CLA)D     (CH)A       (CH)D


      -20.0     -.113      .3213      .093       .00623                  NDM      -3.547E-03  -6.731E-03
      -15.0     -.104      .2992      .075       .00413                  NDM                  -6.292E-03
      -10.0     -.072      .2066      .054       .00199                  NDM                  -6.210E-03
       -5.0     -.036      .1033      .028       .00094                  NDM                  -6.210E-03
         .0      .000     -.0002      .000       .00000                  NDM                  -6.210E-03
        5.0      .036     -.1033      .028       .00094                  NDM                  -6.210E-03
       10.0      .072     -.2066      .054       .00199                  NDM                  -6.210E-03
       15.0      .104     -.2992      .075       .00413                  NDM                  -6.292E-03
       20.0      .113     -.3274      .093       .00623                  NDM                  -6.731E-03
0  *** NOTE * HINGE MOMENT DERIVATIVES ARE BASED ON TWICE THE AREA-MOMENT OF THE CONTROL ABOUT ITS HINGE LINE

0            --------- INDUCED DRAG COEFFICIENT INCREMENT , D(CDI) , DUE TO DEFLECTION ---------
0       DELTA = -20.0     -15.0     -10.0      -5.0        .0       5.0      10.0      15.0      20.0
   ALPHA
0
   -16.0        1.17E-02  1.05E-02  6.51E-03  2.84E-03 -4.85E-06 -2.01E-03 -3.19E-03 -3.53E-03 -3.51E-03
    -8.0        6.63E-03  5.82E-03  3.27E-03  1.22E-03 -1.61E-06 -3.89E-04  5.26E-05  1.16E-03  1.57E-03
    -6.0        5.45E-03  4.73E-03  2.52E-03  8.44E-04 -8.55E-07 -1.28E-05  8.05E-04  2.25E-03  2.75E-03
    -4.0        4.29E-03  3.67E-03  1.79E-03  4.78E-04 -1.23E-07  3.53E-04  1.54E-03  3.31E-03  3.90E-03
    -2.0        3.18E-03  2.64E-03  1.07E-03  1.22E-04  5.90E-07  7.10E-04  2.25E-03  4.34E-03  5.02E-03
      .0        2.04E-03  1.59E-03  3.52E-04 -2.40E-04  1.31E-06  1.07E-03  2.97E-03  5.39E-03  6.16E-03
     2.0        8.71E-04  5.12E-04 -3.94E-04 -6.12E-04  2.06E-06  1.44E-03  3.72E-03  6.47E-03  7.33E-03
     4.0       -3.32E-04 -5.98E-04 -1.16E-03 -9.95E-04  2.82E-06  1.83E-03  4.48E-03  7.58E-03  8.53E-03
     8.0       -2.83E-03 -2.91E-03 -2.75E-03 -1.79E-03  4.42E-06  2.62E-03  6.08E-03  9.89E-03  1.10E-02
     9.0       -3.49E-03 -3.51E-03 -3.17E-03 -2.00E-03  4.83E-06  2.83E-03  6.49E-03  1.05E-02  1.17E-02
    10.0       -4.15E-03 -4.12E-03 -3.59E-03 -2.21E-03  5.25E-06  3.04E-03  6.92E-03  1.11E-02  1.24E-02
    12.0       -5.50E-03 -5.37E-03 -4.45E-03 -2.64E-03  6.12E-06  3.47E-03  7.78E-03  1.24E-02  1.37E-02
    14.0       -6.89E-03 -6.65E-03 -5.34E-03 -3.08E-03  7.00E-06  3.91E-03  8.66E-03  1.36E-02  1.51E-02
    16.0       -8.32E-03 -7.97E-03 -6.24E-03 -3.54E-03  7.90E-06  4.37E-03  9.57E-03  1.50E-02  1.65E-02
    18.0       -9.78E-03 -9.32E-03 -7.18E-03 -4.00E-03  8.84E-06  4.83E-03  1.05E-02  1.63E-02  1.80E-02
    19.0       -1.05E-02 -1.00E-02 -7.65E-03 -4.24E-03  9.31E-06  5.07E-03  1.10E-02  1.70E-02  1.87E-02
    20.0       -1.13E-02 -1.07E-02 -8.13E-03 -4.48E-03  9.80E-06  5.31E-03  1.15E-02  1.77E-02  1.95E-02
    21.0       -1.20E-02 -1.14E-02 -8.62E-03 -4.72E-03  1.03E-05  5.56E-03  1.19E-02  1.84E-02  2.02E-02
    22.0       -1.28E-02 -1.21E-02 -9.11E-03 -4.97E-03  1.08E-05  5.80E-03  1.24E-02  1.91E-02  2.10E-02
    24.0       -1.44E-02 -1.36E-02 -1.01E-02 -5.47E-03  1.18E-05  6.30E-03  1.34E-02  2.06E-02  2.26E-02
0***NDM PRINTED WHEN NO DATCOM METHODS EXIST
1 END OF JOB.
